<?xml version="1.0" encoding="UTF-8"?>
<testng-results ignored="0" total="5" passed="5" failed="0" skipped="0">
  <reporter-output>
  </reporter-output>
  <suite started-at="2024-04-15T11:58:52 IST" name="Hackathon_Suite" finished-at="2024-04-15T12:00:01 IST" duration-ms="68605">
    <groups>
      <group name="cucumber">
        <method signature="AbstractTestNGCucumberTests.runScenario(io.cucumber.testng.PickleWrapper,io.cucumber.testng.FeatureWrapper)[pri:0, instance:testrunner.TestNGRunner@194fad1]" name="runScenario" class="io.cucumber.testng.AbstractTestNGCucumberTests"/>
      </group> <!-- cucumber -->
    </groups>
    <test started-at="2024-04-15T11:58:52 IST" name="Test1" finished-at="2024-04-15T12:00:01 IST" duration-ms="68605">
      <class name="com.hackathon.baseTest.BaseTest">
        <test-method is-config="true" signature="initDriver(java.lang.String,java.lang.String)[pri:0, instance:com.hackathon.baseTest.BaseTest@2de56eb2]" started-at="2024-04-15T11:58:46 IST" name="initDriver" finished-at="2024-04-15T11:58:52 IST" duration-ms="6550" status="PASS">
          <params>
            <param index="0">
              <value>
                <![CDATA[https://yatra.com]]>
              </value>
            </param>
            <param index="1">
              <value>
                <![CDATA[Chrome]]>
              </value>
            </param>
          </params>
          <reporter-output>
          </reporter-output>
        </test-method> <!-- initDriver -->
        <test-method is-config="true" signature="tearDown()[pri:0, instance:com.hackathon.baseTest.BaseTest@2de56eb2]" started-at="2024-04-15T12:00:01 IST" name="tearDown" finished-at="2024-04-15T12:00:05 IST" duration-ms="3853" status="PASS">
          <reporter-output>
          </reporter-output>
        </test-method> <!-- tearDown -->
      </class> <!-- com.hackathon.baseTest.BaseTest -->
      <class name="testrunner.TestNGRunner">
        <test-method is-config="true" signature="setUpClass(org.testng.ITestContext)[pri:0, instance:testrunner.TestNGRunner@194fad1]" started-at="2024-04-15T11:58:52 IST" name="setUpClass" finished-at="2024-04-15T11:58:53 IST" duration-ms="466" status="PASS">
          <params>
            <param index="0">
              <value>
                <![CDATA[org.testng.TestRunner@46a123e4]]>
              </value>
            </param>
          </params>
          <reporter-output>
          </reporter-output>
        </test-method> <!-- setUpClass -->
        <test-method signature="runScenario(io.cucumber.testng.PickleWrapper,io.cucumber.testng.FeatureWrapper)[pri:0, instance:testrunner.TestNGRunner@194fad1]" started-at="2024-04-15T11:58:53 IST" name="runScenario" description="Runs Cucumber Scenarios" data-provider="scenarios" finished-at="2024-04-15T11:59:09 IST" duration-ms="16169" status="PASS">
          <params>
            <param index="0">
              <value>
                <![CDATA["Navigate to the page and giving the HotelRequirements"]]>
              </value>
            </param>
            <param index="1">
              <value>
                <![CDATA["Browser navigate to yatra.com page"]]>
              </value>
            </param>
          </params>
          <reporter-output>
          </reporter-output>
        </test-method> <!-- runScenario -->
        <test-method signature="runScenario(io.cucumber.testng.PickleWrapper,io.cucumber.testng.FeatureWrapper)[pri:0, instance:testrunner.TestNGRunner@194fad1]" started-at="2024-04-15T11:59:09 IST" name="runScenario" description="Runs Cucumber Scenarios" data-provider="scenarios" finished-at="2024-04-15T11:59:22 IST" duration-ms="12646" status="PASS">
          <params>
            <param index="0">
              <value>
                <![CDATA["Calender Element Handling"]]>
              </value>
            </param>
            <param index="1">
              <value>
                <![CDATA["Browser navigate to yatra.com page"]]>
              </value>
            </param>
          </params>
          <reporter-output>
          </reporter-output>
        </test-method> <!-- runScenario -->
        <test-method signature="runScenario(io.cucumber.testng.PickleWrapper,io.cucumber.testng.FeatureWrapper)[pri:0, instance:testrunner.TestNGRunner@194fad1]" started-at="2024-04-15T11:59:22 IST" name="runScenario" description="Runs Cucumber Scenarios" data-provider="scenarios" finished-at="2024-04-15T11:59:48 IST" duration-ms="26539" status="PASS">
          <params>
            <param index="0">
              <value>
                <![CDATA["Hotel selection is successful"]]>
              </value>
            </param>
            <param index="1">
              <value>
                <![CDATA["Browser navigate to yatra.com page"]]>
              </value>
            </param>
          </params>
          <reporter-output>
          </reporter-output>
        </test-method> <!-- runScenario -->
        <test-method signature="runScenario(io.cucumber.testng.PickleWrapper,io.cucumber.testng.FeatureWrapper)[pri:0, instance:testrunner.TestNGRunner@194fad1]" started-at="2024-04-15T11:59:48 IST" name="runScenario" description="Runs Cucumber Scenarios" data-provider="scenarios" finished-at="2024-04-15T11:59:52 IST" duration-ms="3274" status="PASS">
          <params>
            <param index="0">
              <value>
                <![CDATA["CruseLine Selection"]]>
              </value>
            </param>
            <param index="1">
              <value>
                <![CDATA["Browser navigate to yatra.com page"]]>
              </value>
            </param>
          </params>
          <reporter-output>
          </reporter-output>
        </test-method> <!-- runScenario -->
        <test-method signature="runScenario(io.cucumber.testng.PickleWrapper,io.cucumber.testng.FeatureWrapper)[pri:0, instance:testrunner.TestNGRunner@194fad1]" started-at="2024-04-15T11:59:52 IST" name="runScenario" description="Runs Cucumber Scenarios" data-provider="scenarios" finished-at="2024-04-15T12:00:01 IST" duration-ms="9223" status="PASS">
          <params>
            <param index="0">
              <value>
                <![CDATA["Voucher & Error Detection"]]>
              </value>
            </param>
            <param index="1">
              <value>
                <![CDATA["Browser navigate to yatra.com page"]]>
              </value>
            </param>
          </params>
          <reporter-output>
          </reporter-output>
        </test-method> <!-- runScenario -->
        <test-method is-config="true" signature="tearDownClass()[pri:0, instance:testrunner.TestNGRunner@194fad1]" started-at="2024-04-15T12:00:01 IST" name="tearDownClass" finished-at="2024-04-15T12:00:01 IST" duration-ms="15" status="PASS">
          <reporter-output>
          </reporter-output>
        </test-method> <!-- tearDownClass -->
      </class> <!-- testrunner.TestNGRunner -->
    </test> <!-- Test1 -->
  </suite> <!-- Hackathon_Suite -->
</testng-results>
