<?xml version="1.0" encoding="UTF-8"?>
<!-- Generated by org.testng.reporters.JUnitXMLReporter -->
<testsuite ignored="0" hostname="LTIN508080" failures="0" tests="11" name="Test" time="60.642" errors="0" timestamp="2024-04-17T17:43:25 IST">
  <testcase classname="testCases.TestScenarios" name="upcomingBikes" time="1.372"/>
  <testcase classname="testCases.TestScenarios" name="displayHondaUpcomingBikes" time="10.316"/>
  <testcase classname="testCases.TestScenarios" name="chennaiUsedCars" time="3.436"/>
  <testcase classname="testCases.TestScenarios" name="displayPopularUsedCars" time="0.276"/>
  <testcase classname="testCases.TestScenarios" name="login" time="6.561"/>
  <testcase classname="testCases.TestScenarios" name="googleSignIn" time="5.29"/>
  <testcase classname="testCases.TestScenarios" name="signIn" time="5.697"/>
  <testcase classname="testCases.TestScenarios" name="signIn" time="5.356"/>
  <testcase classname="testCases.TestScenarios" name="signIn" time="5.342"/>
  <testcase classname="testCases.TestScenarios" name="signIn" time="5.352"/>
  <testcase classname="testCases.TestScenarios" name="captureErrorMessage" time="0.041"/>
</testsuite> <!-- Test -->
