<?xml version="1.0" encoding="UTF-8"?>
<!-- Generated by org.testng.reporters.JUnitXMLReporter -->
<testsuite ignored="0" hostname="LTIN508080" failures="1" tests="2" name="Test" time="17.231" errors="0" timestamp="2024-04-11T15:56:06 IST">
  <testcase classname="testCases.TestScenarios" name="upcomingBikes" time="2.567"/>
  <testcase classname="testCases.TestScenarios" name="displayHondaUpcomingBikes" time="0.003">
    <failure type="java.lang.NullPointerException" message="Cannot invoke &amp;quot;pageObjectRepository.UpcomingBikesPage.selectHonda()&amp;quot; because &amp;quot;testCases.TestScenarios.upcomingBikesPage&amp;quot; is null">
      <![CDATA[java.lang.NullPointerException: Cannot invoke "pageObjectRepository.UpcomingBikesPage.selectHonda()" because "testCases.TestScenarios.upcomingBikesPage" is null
at testCases.TestScenarios.displayHondaUpcomingBikes(TestScenarios.java:42)
at java.base/java.util.ArrayList.forEach(ArrayList.java:1511)
... Removed 27 stack frames]]>
    </failure>
  </testcase> <!-- displayHondaUpcomingBikes -->
</testsuite> <!-- Test -->
