<?xml version="1.0" encoding="UTF-8"?>
<!-- Generated by org.testng.reporters.JUnitXMLReporter -->
<testsuite ignored="0" hostname="LTIN509203" failures="1" tests="1" name="Test2" time="0.007" errors="0" timestamp="2024-04-07T13:48:00 IST">
  <testcase classname="com.hackathon.homepageFunction.HomePageFunctions" name="hotelPlaceRequirements" time="0.002">
    <failure type="java.lang.NullPointerException" message="Cannot invoke &amp;quot;org.openqa.selenium.WebElement.click()&amp;quot; because &amp;quot;this.hotelIconElement&amp;quot; is null">
      <![CDATA[java.lang.NullPointerException: Cannot invoke "org.openqa.selenium.WebElement.click()" because "this.hotelIconElement" is null
at com.hackathon.homepageFunction.HomePageFunctions.hotelPlaceRequirements(HomePageFunctions.java:28)
at java.base/java.util.ArrayList.forEach(ArrayList.java:1511)
... Removed 27 stack frames]]>
    </failure>
  </testcase> <!-- hotelPlaceRequirements -->
</testsuite> <!-- Test2 -->
