<?xml version="1.0" encoding="UTF-8"?>
<testsuite xmlns:xsi="http://www.w3.org/2001/XMLSchema-instance" xsi:noNamespaceSchemaLocation="https://maven.apache.org/surefire/maven-surefire-plugin/xsd/surefire-test-report-3.0.xsd" version="3.0" name="TestSuite" time="618.373" tests="8" errors="0" skipped="0" failures="0">
  <properties>
[...]
</properties>
  <testcase name="runScenario[&quot;Calculation of car loan&quot;, &quot;Car Loan EMI Calculation&quot;](1)" classname="testRunner.TestRunner" time="12.757">
    <system-out><![CDATA[
Scenario: Calculation of car loan                       # Features/CarLoan.feature:9
Opening Browser...
https://emicalculator.net/
  Given the user navigates to Car Loan section          # stepDefinitions.CarLoanCalculationSteps.the_user_navigates_to_car_loan_section()

    Embedding Calculation of car loan [image/png 176358 bytes]

  When user enters the Car Loan Amount                  # stepDefinitions.CarLoanCalculationSteps.user_enters_the_Car_Loan_Amoun()

    Embedding Calculation of car loan [image/png 176735 bytes]

  And user enters the Interest Rate                     # stepDefinitions.CarLoanCalculationSteps.user_enters_the_interest_rate()

    Embedding Calculation of car loan [image/png 176658 bytes]

  And user enters the Loan Tenure                       # stepDefinitions.CarLoanCalculationSteps.user_enters_the_loan_tenure()

    Embedding Calculation of car loan [image/png 176463 bytes]

First month principal is: ₹ 5,373
First month interest is: ₹ 2,833
===========================================================
2024₹ 49,753₹ 24,107
Apr₹ 5,373₹ 2,833
May₹ 5,411₹ 2,795
Jun₹ 5,450₹ 2,757






2025₹ 71,449₹ 27,030
Jan₹ 5,726₹ 2,481
Feb₹ 5,766₹ 2,440
Mar₹ 5,807₹ 2,400
Apr₹ 5,848₹ 2,358
May₹ 5,890₹ 2,317
Jun₹ 5,931₹ 2,275
Jul₹ 5,973₹ 2,233
Aug₹ 6,016₹ 2,191
Sep₹ 6,058₹ 2,148
Oct₹ 6,101₹ 2,105
Nov₹ 6,144₹ 2,062
Dec₹ 6,188₹ 2,019
  Then display interest and principal amount on console # stepDefinitions.CarLoanCalculationSteps.display_interest_and_principal_amount_on_console()

    Embedding Calculation of car loan [image/png 152636 bytes]

]]></system-out>
    <system-err><![CDATA[SLF4J: Failed to load class "org.slf4j.impl.StaticLoggerBinder".
SLF4J: Defaulting to no-operation (NOP) logger implementation
SLF4J: See http://www.slf4j.org/codes.html#StaticLoggerBinder for further details.
]]></system-err>
  </testcase>
  <testcase name="runScenario[&quot;Validate the UI features of EMI Calculator&quot;, &quot;EMI Calculator UI check&quot;](2)" classname="testRunner.TestRunner" time="82.724">
    <system-out><![CDATA[
Scenario: Validate the UI features of EMI Calculator                                                                     # Features/EMICalculatorUI.feature:8
Opening Browser...
https://emicalculator.net/
  Given user navigates to EMI Calculator                                                                                 # stepDefinitions.EMICalculatorUI.user_navigates_to_EMI_Calculator()

    Embedding Validate the UI features of EMI Calculator [image/png 220012 bytes]

  When check for loan amount input box                                                                                   # stepDefinitions.EMICalculatorUI.Validating_Loan_Amount_TextBox()

    Embedding Validate the UI features of EMI Calculator [image/png 220012 bytes]

  And check for loan amount slider                                                                                       # stepDefinitions.EMICalculatorUI.Validating_Loan_Amount_Slider()

    Embedding Validate the UI features of EMI Calculator [image/png 220012 bytes]

  Then loan amount slider should be moved to the Some value and respectively loan amount should be displayed             # stepDefinitions.EMICalculatorUI.validating_Data_Flow_Between_LoanAmount_Slider_And_TextBox()

    Embedding Validate the UI features of EMI Calculator [image/png 220120 bytes]

  When check for Intrest input box                                                                                       # stepDefinitions.EMICalculatorUI.validate_Interest_Rate_TextBox()

    Embedding Validate the UI features of EMI Calculator [image/png 220120 bytes]

  And check for Intrest slider                                                                                           # stepDefinitions.EMICalculatorUI.validate_Interest_Rate_Slider()

    Embedding Validate the UI features of EMI Calculator [image/png 220120 bytes]

  Then loan Intrest slider should be moved to the Some value and respectively Intrest value should be displayed          # stepDefinitions.EMICalculatorUI.validatingDataFlowBetweenInterestRateSliderAndTextBox()

    Embedding Validate the UI features of EMI Calculator [image/png 220095 bytes]

  When check for loan Tenure input box                                                                                   # stepDefinitions.EMICalculatorUI.validate_Loan_Tenure_TextBox()

    Embedding Validate the UI features of EMI Calculator [image/png 220095 bytes]

  And check for loan Tenure slider                                                                                       # stepDefinitions.EMICalculatorUI.validate_Loan_Tenure_Slider()

    Embedding Validate the UI features of EMI Calculator [image/png 220095 bytes]

  Then loan loan Tenure slider should be moved to the Some value and respectively loan Tenure value should be displayed  # stepDefinitions.EMICalculatorUI.validatingDataFlowBetweenLoanTenureSliderAndTextBox()

    Embedding Validate the UI features of EMI Calculator [image/png 141810 bytes]

  When check for Fees & Charges input box                                                                                # stepDefinitions.EMICalculatorUI.validate_Fees_And_Charges_TextBox()

    Embedding Validate the UI features of EMI Calculator [image/png 141810 bytes]

  And check for Fees & Charges slider                                                                                    # stepDefinitions.EMICalculatorUI.validate_Fees_And_Charges_Slider()

    Embedding Validate the UI features of EMI Calculator [image/png 141810 bytes]

  Then Fees & Charges slider should be moved to the Some value and respectively Fees & Charges value should be displayed # stepDefinitions.EMICalculatorUI.validating_Data_Flow_Between_Fees_And_Charges_Slider_And_TextBox()

    Embedding Validate the UI features of EMI Calculator [image/png 127317 bytes]

]]></system-out>
  </testcase>
  <testcase name="runScenario[&quot;Validate the UI features of EMI Calculator with input and slider&quot;, &quot;EMI Calculator UI check&quot;](3)" classname="testRunner.TestRunner" time="91.781">
    <system-out><![CDATA[
Scenario: Validate the UI features of EMI Calculator with input and slider # Features/EMICalculatorUI.feature:23
Opening Browser...
https://emicalculator.net/
  Given user navigates to EMI Calculator                                   # stepDefinitions.EMICalculatorUI.user_navigates_to_EMI_Calculator()

    Embedding Validate the UI features of EMI Calculator with input and slider [image/png 219918 bytes]

=======================================================================================
ENterd loan amt value: 7500000
=======================================================================================
  When Enter input value in loan amount input box                          # stepDefinitions.EMICalculatorUI.Enter_input_value_in_loan_amount_input_box()

    Embedding Validate the UI features of EMI Calculator with input and slider [image/png 220767 bytes]

=======================================================================================
SLide String loan amt value: left: 37.5%;
SLide Width loan amt value: 37.5%;
SLide loan amt value: 37.5
=======================================================================================
=======================================================================================
actualLoanAmountSliderValue37.5
=======================================================================================
=======================================================================================
ExpectedAmountSliderValue37.5
=======================================================================================
  Then loan amount slider should be moved to the same value                # stepDefinitions.EMICalculatorUI.validating_Data_Flow_Between_TextBox_And_LoanAmount_Slider_()

    Embedding Validate the UI features of EMI Calculator with input and slider [image/png 220767 bytes]

=======================================================================================
ENterd Intrest Rate amt value: 10
=======================================================================================
  When Enter input value in Intrest input box                              # stepDefinitions.EMICalculatorUI.Enter_input_value_in_Intrest_input_box()

    Embedding Validate the UI features of EMI Calculator with input and slider [image/png 220085 bytes]

=======================================================================================
SLide String Intrest Rate value: left: 50%;
SLide Width Intrest Rate value: 50%;
SLide Intrest Rate  value: 50.0
=======================================================================================
=======================================================================================
actualLoanIntrestRateSliderValue50.0
=======================================================================================
=======================================================================================
ExpectedLoanIntrestRateSliderValue50.0
=======================================================================================
  Then Intrest slider should be moved to the same value                    # stepDefinitions.EMICalculatorUI.validatingDataFlowBetweenTextBoxAndInterestRateSlider()

    Embedding Validate the UI features of EMI Calculator with input and slider [image/png 220085 bytes]

=======================================================================================
ENterd loanTenure  value: 15
=======================================================================================
  When Enter input value in loan Tenure input box                          # stepDefinitions.EMICalculatorUI.Enter_input_value_in_loan_Tenure_input_box()

    Embedding Validate the UI features of EMI Calculator with input and slider [image/png 149163 bytes]

=======================================================================================
SLide String loan Tenure value: left: 50%;
SLide Width loan Tenure value: 50%;
SLide loan Tenure value: 50.0
=======================================================================================
=======================================================================================
ExpectedAmountSliderValue50.0
=======================================================================================
=======================================================================================
ExpectedAmountSliderValue50.0
=======================================================================================
  Then loan Tenure slider should be moved to the same value                # stepDefinitions.EMICalculatorUI.validatingDataFlowBetweenLoanTenureTextBoxAndSlider()

    Embedding Validate the UI features of EMI Calculator with input and slider [image/png 149163 bytes]

=======================================================================================
ENterd fees and charges amt value: 50000
=======================================================================================
  When Enter input value in Fees & Charges input box                       # stepDefinitions.EMICalculatorUI.Enter_input_value_in_FeesCharges_input_box()

    Embedding Validate the UI features of EMI Calculator with input and slider [image/png 137334 bytes]

=======================================================================================
SLide String loan Fee and charges value: left: 50%;
SLide Width loan Fee and charges value: 50%;
SLide loan Fee and charges value: 50.0
=======================================================================================
=======================================================================================
actualFeesAndChargesSliderValue50.0
=======================================================================================
=======================================================================================
expectedFeesAndChargesSliderValue50.0
=======================================================================================
  Then Fees & Charges slider should be moved to the same value             # stepDefinitions.EMICalculatorUI.validating_Data_Flow_Between_TextBox_Fees_And_Charges_Slider()

    Embedding Validate the UI features of EMI Calculator with input and slider [image/png 137334 bytes]

]]></system-out>
  </testcase>
  <testcase name="runScenario[&quot;Calculation of Home Loan EMI&quot;, &quot;Home Loan EMI Calculation&quot;](4)" classname="testRunner.TestRunner" time="27.76">
    <system-out><![CDATA[
Scenario: Calculation of Home Loan EMI                   # Features/HomeLoanEMICalculation.feature:9
Opening Browser...
https://emicalculator.net/
  Given the user navigates to Home Loan EMI Calculator   # stepDefinitions.HomeLoanEMICalculationSteps.the_user_navigates_to_home_loan_emi_calculator()

    Embedding Calculation of Home Loan EMI [image/png 185161 bytes]

  When the user fills the relevant details               # stepDefinitions.HomeLoanEMICalculationSteps.the_user_fills_the_relevant_details()

    Embedding Calculation of Home Loan EMI [image/png 194013 bytes]

[[Ljava.lang.String;@260043d
  Then extract the data from year on year table to excel # stepDefinitions.HomeLoanEMICalculationSteps.extract_the_data_from_year_on_year_table_to_excel()

    Embedding Calculation of Home Loan EMI [image/png 205690 bytes]

]]></system-out>
  </testcase>
  <testcase name="runScenario[&quot;Validate the UI features of Loan Amount Calculator&quot;, &quot;Loan Amount Calculator UI check&quot;](5)" classname="testRunner.TestRunner" time="35.663">
    <system-out><![CDATA[
Scenario: Validate the UI features of Loan Amount Calculator                                                                         # Features/LoanAmountCalculatorUI.feature:8
Opening Browser...
https://emicalculator.net/
  Given user navigates to Loan Amount Calculator                                                                                     # stepDefinitions.LoanAmountCalculatorUI.user_navigates_to_EMI_Calculator()

    Embedding Validate the UI features of Loan Amount Calculator [image/png 217994 bytes]

  When check for EMI input box                                                                                                       # stepDefinitions.LoanAmountCalculatorUI.TC_03_13_validating_Validating_EMI_TextBox()

    Embedding Validate the UI features of Loan Amount Calculator [image/png 217994 bytes]

  And check for EMI slider                                                                                                           # stepDefinitions.LoanAmountCalculatorUI.TC_03_14_validating_EMI_Slider()

    Embedding Validate the UI features of Loan Amount Calculator [image/png 217994 bytes]

  Then EMI slider should be moved to the Some value and respectively EMI should be displayed                                         # stepDefinitions.LoanAmountCalculatorUI.TC_03_15validating_Data_Flow_Between_EMI_Slider_And_TextBox()

    Embedding Validate the UI features of Loan Amount Calculator [image/png 217355 bytes]

  When check for Loan Amount Intrest input box                                                                                       # stepDefinitions.LoanAmountCalculatorUI.TC_03_16_validate_Interest_Rate_TextBox()

    Embedding Validate the UI features of Loan Amount Calculator [image/png 217355 bytes]

  And check for Loan Amount Intrest slider                                                                                           # stepDefinitions.LoanAmountCalculatorUI.TC_03_17validating_Interest_Rate_Slider()

    Embedding Validate the UI features of Loan Amount Calculator [image/png 217355 bytes]

  Then Loan Amount loan Intrest slider should be moved to the Some value and respectively Intrest value should be displayed          # stepDefinitions.LoanAmountCalculatorUI.TC_03_18_validating_Data_Flow_Between_Interest_Rate_Slider_And_TextBox()

    Embedding Validate the UI features of Loan Amount Calculator [image/png 209162 bytes]

  When check for Loan Amount loan Tenure input box                                                                                   # stepDefinitions.LoanAmountCalculatorUI.TC_03_19_validateLoanTenureTextBox()

    Embedding Validate the UI features of Loan Amount Calculator [image/png 209162 bytes]

  And check for Loan Amount loan Tenure slider                                                                                       # stepDefinitions.LoanAmountCalculatorUI.TC_03_20_validateLoanTenureSlider()

    Embedding Validate the UI features of Loan Amount Calculator [image/png 209162 bytes]

  Then Loan Amount loan loan Tenure slider should be moved to the Some value and respectively loan Tenure value should be displayed  # stepDefinitions.LoanAmountCalculatorUI.TC_03_21_validating_Data_Flow_Between_LoanTenure_Slider_And_TextBox()

    Embedding Validate the UI features of Loan Amount Calculator [image/png 140655 bytes]

  When check for Loan Amount Fees & Charges input box                                                                                # stepDefinitions.LoanAmountCalculatorUI.TC_03_22_validateFeesAndChargesTextBox()

    Embedding Validate the UI features of Loan Amount Calculator [image/png 140655 bytes]

  And check for Loan Amount Fees & Charges slider                                                                                    # stepDefinitions.LoanAmountCalculatorUI.TC_03_23_validateFeesAndChargesSlider()

    Embedding Validate the UI features of Loan Amount Calculator [image/png 140655 bytes]

  Then Loan Amount Fees & Charges slider should be moved to the Some value and respectively Fees & Charges value should be displayed # stepDefinitions.LoanAmountCalculatorUI.TC_03_24_validatingDataFlowBetweenFeesAndChargesSliderAndTextBox()

    Embedding Validate the UI features of Loan Amount Calculator [image/png 115523 bytes]

]]></system-out>
  </testcase>
  <testcase name="runScenario[&quot;Validate the UI features of Loan Amount Calculator with input and slider&quot;, &quot;Loan Amount Calculator UI check&quot;](6)" classname="testRunner.TestRunner" time="67.609">
    <system-out><![CDATA[
Scenario: Validate the UI features of Loan Amount Calculator with input and slider # Features/LoanAmountCalculatorUI.feature:23
Opening Browser...
https://emicalculator.net/
  Given user navigates to Loan Amount Calculator                                   # stepDefinitions.LoanAmountCalculatorUI.user_navigates_to_EMI_Calculator()

    Embedding Validate the UI features of Loan Amount Calculator with input and slider [image/png 217994 bytes]

=======================================================================================
ENterd Emi value: 50,000.01
=======================================================================================
  When Enter input value in EMI input box                                          # stepDefinitions.LoanAmountCalculatorUI.Enter_input_value_in_loan_amount_input_box()

    Embedding Validate the UI features of Loan Amount Calculator with input and slider [image/png 124040 bytes]

=======================================================================================
SLide String EMI value: left: 50%;
SLide Width EMI value: 50%;
SLide loan EMI value: 50.0
=======================================================================================
=======================================================================================
actualLoanAmountSliderValue50.0
=======================================================================================
=======================================================================================
ExpectedAmountSliderValue50.0
=======================================================================================
  Then EMI slider should be moved to the same value of the scale                   # stepDefinitions.LoanAmountCalculatorUI.validating_Data_Flow_Between_TextBox_And_LoanAmount_Slider_()

    Embedding Validate the UI features of Loan Amount Calculator with input and slider [image/png 124077 bytes]

=======================================================================================
ENterd Intrest Rate amt value: 10
=======================================================================================
  When Enter input value in Intrest input box of Loan Amount Calculator            # stepDefinitions.LoanAmountCalculatorUI.Enter_input_value_in_Intrest_input_box()

    Embedding Validate the UI features of Loan Amount Calculator with input and slider [image/png 123521 bytes]

=======================================================================================
SLide String Intrest Rate value: left: 50%;
SLide Width Intrest Rate value: 50%;
SLide Intrest Rate  value: 50.0
=======================================================================================
=======================================================================================
actualLoanIntrestRateSliderValue50.0
=======================================================================================
=======================================================================================
ExpectedLoanIntrestRateSliderValue50.0
=======================================================================================
  Then Intrest slider should be moved to the same value of the scale               # stepDefinitions.LoanAmountCalculatorUI.validatingDataFlowBetweenTextBoxAndInterestRateSlider()

    Embedding Validate the UI features of Loan Amount Calculator with input and slider [image/png 123496 bytes]

=======================================================================================
ENterd loanTenure  value: 15
=======================================================================================
  When Enter input value in loan Tenure input box of Loan Amount Calculator        # stepDefinitions.LoanAmountCalculatorUI.Enter_input_value_in_loan_Tenure_input_box()

    Embedding Validate the UI features of Loan Amount Calculator with input and slider [image/png 123513 bytes]

=======================================================================================
SLide String loan Tenure value: left: 50%;
SLide Width loan Tenure value: 50%;
SLide loan Tenure value: 50.0
=======================================================================================
=======================================================================================
ExpectedAmountSliderValue50.0
=======================================================================================
=======================================================================================
ExpectedAmountSliderValue50.0
=======================================================================================
  Then loan Tenure slider should be moved to the same value of the scale           # stepDefinitions.LoanAmountCalculatorUI.validatingDataFlowBetweenLoanTenureTextBoxAndSlider()

    Embedding Validate the UI features of Loan Amount Calculator with input and slider [image/png 123513 bytes]

=======================================================================================
ENterd fees and charges amt value: 50000
=======================================================================================
  When Enter input value in Fees & Charges input box of Loan Amount Calculator     # stepDefinitions.LoanAmountCalculatorUI.Enter_input_value_in_FeesCharges_input_box()

    Embedding Validate the UI features of Loan Amount Calculator with input and slider [image/png 123538 bytes]

=======================================================================================
SLide String loan Fee and charges value: left: 50%;
SLide Width loan Fee and charges value: 50%;
SLide loan Fee and charges value: 50.0
=======================================================================================
=======================================================================================
actualFeesAndChargesSliderValue50.0
=======================================================================================
=======================================================================================
expectedFeesAndChargesSliderValue50.0
=======================================================================================
  Then Fees & Charges slider should be moved to the same value of the scale        # stepDefinitions.LoanAmountCalculatorUI.validating_Data_Flow_Between_TextBox_Fees_And_Charges_Slider()

    Embedding Validate the UI features of Loan Amount Calculator with input and slider [image/png 123538 bytes]

]]></system-out>
  </testcase>
  <testcase name="runScenario[&quot;Validate the UI features of Loan Tenure Calculator&quot;, &quot;Loan Tuner Calculator UI check&quot;](7)" classname="testRunner.TestRunner" time="97.938">
    <system-out><![CDATA[
Scenario: Validate the UI features of Loan Tenure Calculator                                                                          # Features/LoanTenureCalculator.feature:8
Opening Browser...
https://emicalculator.net/
  Given user navigates to Loan Tuner Calculator                                                                                       # stepDefinitions.LoanTenureCalculator.user_navigates_to_Loan_Tenure_Calculator()

    Embedding Validate the UI features of Loan Tenure Calculator [image/png 218805 bytes]

  When check for Loan Tenure amount input box                                                                                         # stepDefinitions.LoanTenureCalculator.TC_03_25_validateLoanAmountTextBox()

    Embedding Validate the UI features of Loan Tenure Calculator [image/png 218805 bytes]

  And check for Loan Tenure amount slider                                                                                             # stepDefinitions.LoanTenureCalculator.TC_03_26_validateLoanAmountSlider()

    Embedding Validate the UI features of Loan Tenure Calculator [image/png 218805 bytes]

  Then Loan TenureEMI slider should be moved to the Some value and respectively EMI should be displayed                               # stepDefinitions.LoanTenureCalculator.TC_03_27_validating_Data_FlowBetween_Loan_Amount_SliderAndTextBox()

    Embedding Validate the UI features of Loan Tenure Calculator [image/png 218792 bytes]

  When check for Loan Tenure EMI input box                                                                                            # stepDefinitions.LoanTenureCalculator.TC_03_28_validatingValidatingEMITextBox()

    Embedding Validate the UI features of Loan Tenure Calculator [image/png 218792 bytes]

  And check for Loan Tenure EMI slider                                                                                                # stepDefinitions.LoanTenureCalculator.TC_03_29_validatingEMISlider()

    Embedding Validate the UI features of Loan Tenure Calculator [image/png 218792 bytes]

  Then Loan Tenure EMI slider should be moved to the Some value and respectively EMI value should be displayed                        # stepDefinitions.LoanTenureCalculator.TC_03_30_validatingDataFlowBetweenEMISliderAndTextBox()

    Embedding Validate the UI features of Loan Tenure Calculator [image/png 219384 bytes]

  When check for Loan Tenure Intrest Rate input box                                                                                   # stepDefinitions.LoanTenureCalculator.TC_03_31_validateInterestRateTextBox()

    Embedding Validate the UI features of Loan Tenure Calculator [image/png 219384 bytes]

  And check for Loan Tenure Intrest Rate slider                                                                                       # stepDefinitions.LoanTenureCalculator.TC_03_32_validatingInterestRateSlider()

    Embedding Validate the UI features of Loan Tenure Calculator [image/png 219384 bytes]

  Then loan Tenure Intrest Rate slider should be moved to the Some value and respectively loan Intrest Rate value should be displayed # stepDefinitions.LoanTenureCalculator.TC_03_33_validateDataFlowBetweenInterestRateSliderAndTextBox()

    Embedding Validate the UI features of Loan Tenure Calculator [image/png 139957 bytes]

  When check for Loan Tenure Fees & Charges input box                                                                                 # stepDefinitions.LoanTenureCalculator.TC_03_34_validateFeesAndChargesTextBox()

    Embedding Validate the UI features of Loan Tenure Calculator [image/png 218805 bytes]

  And check for Loan Tenure Fees & Charges slider                                                                                     # stepDefinitions.LoanTenureCalculator.TC_03_35_validateFeesAndChargesSlider()

    Embedding Validate the UI features of Loan Tenure Calculator [image/png 218805 bytes]

  Then Loan Tenure Fees & Charges slider should be moved to the Some value and respectively Fees & Charges value should be displayed  # stepDefinitions.LoanTenureCalculator.TC_036_validatingDataFlowBetweenFeesAndChargesSliderAndTextBox()

    Embedding Validate the UI features of Loan Tenure Calculator [image/png 127030 bytes]

]]></system-out>
  </testcase>
  <testcase name="runScenario[&quot;Validate the UI features of Loan Tenure Calculator with input and slider&quot;, &quot;Loan Tuner Calculator UI check&quot;](8)" classname="testRunner.TestRunner" time="196.732">
    <system-out><![CDATA[
Scenario: Validate the UI features of Loan Tenure Calculator with input and slider # Features/LoanTenureCalculator.feature:24
Opening Browser...
https://emicalculator.net/
  Given user navigates to Loan Tuner Calculator                                    # stepDefinitions.LoanTenureCalculator.user_navigates_to_Loan_Tenure_Calculator()

    Embedding Validate the UI features of Loan Tenure Calculator with input and slider [image/png 218805 bytes]

=======================================================================================
ENterd loan amt value: 7500000
=======================================================================================
  When Enter input value in loan amount input box of Loan Tenure Calculator        # stepDefinitions.LoanTenureCalculator.Enter_input_value_in_loan_amount_input_box()

    Embedding Validate the UI features of Loan Tenure Calculator with input and slider [image/png 219221 bytes]

=======================================================================================
SLide String loan amt value: left: 37.5%;
SLide Width loan amt value: 37.5%;
SLide loan amt value: 37.5
=======================================================================================
=======================================================================================
actualLoanAmountSliderValue37.5
=======================================================================================
=======================================================================================
ExpectedAmountSliderValue37.5
=======================================================================================
  Then loan amount slider should be moved to the same value of the scale on Scale  # stepDefinitions.LoanTenureCalculator.validating_Data_Flow_Between_TextBox_And_LoanAmount_Slider_()

    Embedding Validate the UI features of Loan Tenure Calculator with input and slider [image/png 219221 bytes]

=======================================================================================
ENterd Intrest Rate amt value: 10
=======================================================================================
  When Enter input value in Intrest input box of Loan Tenure Calculator            # stepDefinitions.LoanTenureCalculator.Enter_input_value_in_Intrest_input_box()

    Embedding Validate the UI features of Loan Tenure Calculator with input and slider [image/png 149875 bytes]

=======================================================================================
SLide String Intrest Rate value: left: 50%;
SLide Width Intrest Rate value: 50%;
SLide Intrest Rate  value: 50.0
=======================================================================================
=======================================================================================
actualLoanIntrestRateSliderValue50.0
=======================================================================================
=======================================================================================
ExpectedLoanIntrestRateSliderValue50.0
=======================================================================================
  Then Intrest slider should be moved to the same value on the scale               # stepDefinitions.LoanTenureCalculator.validatingDataFlowBetweenTextBoxAndInterestRateSlider()

    Embedding Validate the UI features of Loan Tenure Calculator with input and slider [image/png 149875 bytes]

=======================================================================================
ENterd fees and charges amt value: 50000
=======================================================================================
  When Enter input value in Fees & Charges input box of Loan Tenure Calculator     # stepDefinitions.LoanTenureCalculator.Enter_input_value_in_FeesCharges_input_box()

    Embedding Validate the UI features of Loan Tenure Calculator with input and slider [image/png 137653 bytes]

=======================================================================================
SLide String loan Fee and charges value: left: 50%;
SLide Width loan Fee and charges value: 50%;
SLide loan Fee and charges value: 50.0
=======================================================================================
=======================================================================================
actualFeesAndChargesSliderValue50.0
=======================================================================================
=======================================================================================
expectedFeesAndChargesSliderValue50.0
=======================================================================================
  Then Fees & Charges slider should be moved to the same value on the scale        # stepDefinitions.LoanTenureCalculator.validating_Data_Flow_Between_TextBox_Fees_And_Charges_Slider()

    Embedding Validate the UI features of Loan Tenure Calculator with input and slider [image/png 137653 bytes]

]]></system-out>
  </testcase>
</testsuite>