<?xml version="1.0" encoding="UTF-8"?>
<testng-results ignored="0" total="8" passed="8" failed="0" skipped="0">
  <reporter-output>
  </reporter-output>
  <suite started-at="2024-04-15T17:17:03 IST" name="Suite" finished-at="2024-04-15T17:27:21 IST" duration-ms="617785">
    <groups>
      <group name="cucumber">
        <method signature="AbstractTestNGCucumberTests.runScenario(io.cucumber.testng.PickleWrapper,io.cucumber.testng.FeatureWrapper)[pri:0, instance:testRunner.TestRunner@76b1e9b8]" name="runScenario" class="io.cucumber.testng.AbstractTestNGCucumberTests"/>
      </group> <!-- cucumber -->
    </groups>
    <test started-at="2024-04-15T17:17:03 IST" name="Test" finished-at="2024-04-15T17:27:21 IST" duration-ms="617785">
      <class name="testRunner.TestRunner">
        <test-method is-config="true" signature="setUpClass(org.testng.ITestContext)[pri:0, instance:testRunner.TestRunner@76b1e9b8]" started-at="2024-04-15T17:17:03 IST" name="setUpClass" finished-at="2024-04-15T17:17:04 IST" duration-ms="1040" status="PASS">
          <params>
            <param index="0">
              <value>
                <![CDATA[org.testng.TestRunner@234ad505]]>
              </value>
            </param>
          </params>
          <reporter-output>
          </reporter-output>
        </test-method> <!-- setUpClass -->
        <test-method signature="runScenario(io.cucumber.testng.PickleWrapper,io.cucumber.testng.FeatureWrapper)[pri:0, instance:testRunner.TestRunner@76b1e9b8]" started-at="2024-04-15T17:17:04 IST" name="runScenario" description="Runs Cucumber Scenarios" data-provider="scenarios" finished-at="2024-04-15T17:17:17 IST" duration-ms="12751" status="PASS">
          <params>
            <param index="0">
              <value>
                <![CDATA["Calculation of car loan"]]>
              </value>
            </param>
            <param index="1">
              <value>
                <![CDATA["Car Loan EMI Calculation"]]>
              </value>
            </param>
          </params>
          <reporter-output>
          </reporter-output>
        </test-method> <!-- runScenario -->
        <test-method signature="runScenario(io.cucumber.testng.PickleWrapper,io.cucumber.testng.FeatureWrapper)[pri:0, instance:testRunner.TestRunner@76b1e9b8]" started-at="2024-04-15T17:17:17 IST" name="runScenario" description="Runs Cucumber Scenarios" data-provider="scenarios" finished-at="2024-04-15T17:18:40 IST" duration-ms="82736" status="PASS">
          <params>
            <param index="0">
              <value>
                <![CDATA["Validate the UI features of EMI Calculator"]]>
              </value>
            </param>
            <param index="1">
              <value>
                <![CDATA["EMI Calculator UI check"]]>
              </value>
            </param>
          </params>
          <reporter-output>
          </reporter-output>
        </test-method> <!-- runScenario -->
        <test-method signature="runScenario(io.cucumber.testng.PickleWrapper,io.cucumber.testng.FeatureWrapper)[pri:0, instance:testRunner.TestRunner@76b1e9b8]" started-at="2024-04-15T17:18:40 IST" name="runScenario" description="Runs Cucumber Scenarios" data-provider="scenarios" finished-at="2024-04-15T17:20:11 IST" duration-ms="91780" status="PASS">
          <params>
            <param index="0">
              <value>
                <![CDATA["Validate the UI features of EMI Calculator with input and slider"]]>
              </value>
            </param>
            <param index="1">
              <value>
                <![CDATA["EMI Calculator UI check"]]>
              </value>
            </param>
          </params>
          <reporter-output>
          </reporter-output>
        </test-method> <!-- runScenario -->
        <test-method signature="runScenario(io.cucumber.testng.PickleWrapper,io.cucumber.testng.FeatureWrapper)[pri:0, instance:testRunner.TestRunner@76b1e9b8]" started-at="2024-04-15T17:20:11 IST" name="runScenario" description="Runs Cucumber Scenarios" data-provider="scenarios" finished-at="2024-04-15T17:20:39 IST" duration-ms="27759" status="PASS">
          <params>
            <param index="0">
              <value>
                <![CDATA["Calculation of Home Loan EMI"]]>
              </value>
            </param>
            <param index="1">
              <value>
                <![CDATA["Home Loan EMI Calculation"]]>
              </value>
            </param>
          </params>
          <reporter-output>
          </reporter-output>
        </test-method> <!-- runScenario -->
        <test-method signature="runScenario(io.cucumber.testng.PickleWrapper,io.cucumber.testng.FeatureWrapper)[pri:0, instance:testRunner.TestRunner@76b1e9b8]" started-at="2024-04-15T17:20:39 IST" name="runScenario" description="Runs Cucumber Scenarios" data-provider="scenarios" finished-at="2024-04-15T17:21:15 IST" duration-ms="35663" status="PASS">
          <params>
            <param index="0">
              <value>
                <![CDATA["Validate the UI features of Loan Amount Calculator"]]>
              </value>
            </param>
            <param index="1">
              <value>
                <![CDATA["Loan Amount Calculator UI check"]]>
              </value>
            </param>
          </params>
          <reporter-output>
          </reporter-output>
        </test-method> <!-- runScenario -->
        <test-method signature="runScenario(io.cucumber.testng.PickleWrapper,io.cucumber.testng.FeatureWrapper)[pri:0, instance:testRunner.TestRunner@76b1e9b8]" started-at="2024-04-15T17:21:15 IST" name="runScenario" description="Runs Cucumber Scenarios" data-provider="scenarios" finished-at="2024-04-15T17:22:22 IST" duration-ms="67609" status="PASS">
          <params>
            <param index="0">
              <value>
                <![CDATA["Validate the UI features of Loan Amount Calculator with input and slider"]]>
              </value>
            </param>
            <param index="1">
              <value>
                <![CDATA["Loan Amount Calculator UI check"]]>
              </value>
            </param>
          </params>
          <reporter-output>
          </reporter-output>
        </test-method> <!-- runScenario -->
        <test-method signature="runScenario(io.cucumber.testng.PickleWrapper,io.cucumber.testng.FeatureWrapper)[pri:0, instance:testRunner.TestRunner@76b1e9b8]" started-at="2024-04-15T17:22:22 IST" name="runScenario" description="Runs Cucumber Scenarios" data-provider="scenarios" finished-at="2024-04-15T17:24:00 IST" duration-ms="97937" status="PASS">
          <params>
            <param index="0">
              <value>
                <![CDATA["Validate the UI features of Loan Tenure Calculator"]]>
              </value>
            </param>
            <param index="1">
              <value>
                <![CDATA["Loan Tuner Calculator UI check"]]>
              </value>
            </param>
          </params>
          <reporter-output>
          </reporter-output>
        </test-method> <!-- runScenario -->
        <test-method signature="runScenario(io.cucumber.testng.PickleWrapper,io.cucumber.testng.FeatureWrapper)[pri:0, instance:testRunner.TestRunner@76b1e9b8]" started-at="2024-04-15T17:24:00 IST" name="runScenario" description="Runs Cucumber Scenarios" data-provider="scenarios" finished-at="2024-04-15T17:27:17 IST" duration-ms="196733" status="PASS">
          <params>
            <param index="0">
              <value>
                <![CDATA["Validate the UI features of Loan Tenure Calculator with input and slider"]]>
              </value>
            </param>
            <param index="1">
              <value>
                <![CDATA["Loan Tuner Calculator UI check"]]>
              </value>
            </param>
          </params>
          <reporter-output>
          </reporter-output>
        </test-method> <!-- runScenario -->
        <test-method is-config="true" signature="tearDownClass()[pri:0, instance:testRunner.TestRunner@76b1e9b8]" started-at="2024-04-15T17:27:17 IST" name="tearDownClass" finished-at="2024-04-15T17:27:21 IST" duration-ms="3725" status="PASS">
          <reporter-output>
          </reporter-output>
        </test-method> <!-- tearDownClass -->
      </class> <!-- testRunner.TestRunner -->
    </test> <!-- Test -->
  </suite> <!-- Suite -->
</testng-results>
