<?xml version="1.0" encoding="UTF-8"?>
<testng-results ignored="0" total="11" passed="11" failed="0" skipped="0">
  <reporter-output>
  </reporter-output>
  <suite started-at="2024-04-17T17:42:23 IST" name="Suite" finished-at="2024-04-17T17:43:24 IST" duration-ms="60642">
    <groups>
    </groups>
    <test started-at="2024-04-17T17:42:23 IST" name="Test" finished-at="2024-04-17T17:43:24 IST" duration-ms="60642">
      <class name="testCases.TestScenarios">
        <test-method is-config="true" signature="setUp(java.lang.String)[pri:0, instance:testCases.TestScenarios@4ea5b703]" started-at="2024-04-17T17:42:24 IST" name="setUp" finished-at="2024-04-17T17:42:32 IST" duration-ms="8610" status="PASS">
          <params>
            <param index="0">
              <value>
                <![CDATA[chrome]]>
              </value>
            </param>
          </params>
          <reporter-output>
          </reporter-output>
        </test-method> <!-- setUp -->
        <test-method signature="upcomingBikes()[pri:1, instance:testCases.TestScenarios@4ea5b703]" started-at="2024-04-17T17:42:32 IST" name="upcomingBikes" finished-at="2024-04-17T17:42:34 IST" duration-ms="1372" status="PASS">
          <reporter-output>
          </reporter-output>
        </test-method> <!-- upcomingBikes -->
        <test-method signature="displayHondaUpcomingBikes()[pri:2, instance:testCases.TestScenarios@4ea5b703]" started-at="2024-04-17T17:42:35 IST" name="displayHondaUpcomingBikes" finished-at="2024-04-17T17:42:45 IST" duration-ms="10316" status="PASS">
          <reporter-output>
          </reporter-output>
        </test-method> <!-- displayHondaUpcomingBikes -->
        <test-method signature="chennaiUsedCars()[pri:3, instance:testCases.TestScenarios@4ea5b703]" started-at="2024-04-17T17:42:45 IST" name="chennaiUsedCars" finished-at="2024-04-17T17:42:49 IST" duration-ms="3436" status="PASS">
          <reporter-output>
          </reporter-output>
        </test-method> <!-- chennaiUsedCars -->
        <test-method signature="displayPopularUsedCars()[pri:4, instance:testCases.TestScenarios@4ea5b703]" started-at="2024-04-17T17:42:49 IST" name="displayPopularUsedCars" finished-at="2024-04-17T17:42:49 IST" duration-ms="276" status="PASS">
          <reporter-output>
          </reporter-output>
        </test-method> <!-- displayPopularUsedCars -->
        <test-method signature="login()[pri:5, instance:testCases.TestScenarios@4ea5b703]" started-at="2024-04-17T17:42:49 IST" name="login" finished-at="2024-04-17T17:42:56 IST" duration-ms="6561" status="PASS">
          <reporter-output>
          </reporter-output>
        </test-method> <!-- login -->
        <test-method signature="googleSignIn()[pri:6, instance:testCases.TestScenarios@4ea5b703]" started-at="2024-04-17T17:42:56 IST" name="googleSignIn" finished-at="2024-04-17T17:43:01 IST" duration-ms="5290" status="PASS">
          <reporter-output>
          </reporter-output>
        </test-method> <!-- googleSignIn -->
        <test-method signature="signIn(java.lang.String)[pri:7, instance:testCases.TestScenarios@4ea5b703]" started-at="2024-04-17T17:43:02 IST" name="signIn" data-provider="EmailId" finished-at="2024-04-17T17:43:07 IST" duration-ms="5697" status="PASS">
          <params>
            <param index="0">
              <value>
                <![CDATA[sh]]>
              </value>
            </param>
          </params>
          <reporter-output>
          </reporter-output>
        </test-method> <!-- signIn -->
        <test-method signature="signIn(java.lang.String)[pri:7, instance:testCases.TestScenarios@4ea5b703]" started-at="2024-04-17T17:43:07 IST" name="signIn" data-provider="EmailId" finished-at="2024-04-17T17:43:13 IST" duration-ms="5356" status="PASS">
          <params>
            <param index="0">
              <value>
                <![CDATA[abc@gmail.com]]>
              </value>
            </param>
          </params>
          <reporter-output>
          </reporter-output>
        </test-method> <!-- signIn -->
        <test-method signature="signIn(java.lang.String)[pri:7, instance:testCases.TestScenarios@4ea5b703]" started-at="2024-04-17T17:43:13 IST" name="signIn" data-provider="EmailId" finished-at="2024-04-17T17:43:18 IST" duration-ms="5342" status="PASS">
          <params>
            <param index="0">
              <value>
                <![CDATA[gf@gmail.com]]>
              </value>
            </param>
          </params>
          <reporter-output>
          </reporter-output>
        </test-method> <!-- signIn -->
        <test-method signature="signIn(java.lang.String)[pri:7, instance:testCases.TestScenarios@4ea5b703]" started-at="2024-04-17T17:43:18 IST" name="signIn" data-provider="EmailId" finished-at="2024-04-17T17:43:24 IST" duration-ms="5352" status="PASS">
          <params>
            <param index="0">
              <value>
                <![CDATA[hh@gmail.com]]>
              </value>
            </param>
          </params>
          <reporter-output>
          </reporter-output>
        </test-method> <!-- signIn -->
        <test-method signature="captureErrorMessage()[pri:8, instance:testCases.TestScenarios@4ea5b703]" started-at="2024-04-17T17:43:24 IST" name="captureErrorMessage" finished-at="2024-04-17T17:43:24 IST" duration-ms="41" status="PASS">
          <reporter-output>
          </reporter-output>
        </test-method> <!-- captureErrorMessage -->
      </class> <!-- testCases.TestScenarios -->
    </test> <!-- Test -->
  </suite> <!-- Suite -->
</testng-results>
